0 info it worked if it ends with ok
1 verbose cli [ 'C:\\Program Files\\nodejs\\node.exe',
1 verbose cli   'C:\\Program Files\\nodejs\\node_modules\\npm\\bin\\npm-cli.js',
1 verbose cli   'install',
1 verbose cli   '-S',
1 verbose cli   'react-tooltip' ]
2 info using npm@2.15.9
3 info using node@v4.5.0
4 verbose install initial load of C:\Users\xeeadmin\xee\apps\xee_public_goods\package.json
5 verbose installManyTop reading scoped package data from C:\Users\xeeadmin\xee\apps\xee_public_goods\node_modules\babel-core\package.json
6 verbose installManyTop reading scoped package data from C:\Users\xeeadmin\xee\apps\xee_public_goods\node_modules\babel-loader\package.json
7 verbose installManyTop reading scoped package data from C:\Users\xeeadmin\xee\apps\xee_public_goods\node_modules\babel-polyfill\package.json
8 verbose installManyTop reading scoped package data from C:\Users\xeeadmin\xee\apps\xee_public_goods\node_modules\babel-preset-es2015\package.json
9 verbose installManyTop reading scoped package data from C:\Users\xeeadmin\xee\apps\xee_public_goods\node_modules\babel-preset-react\package.json
10 verbose installManyTop reading scoped package data from C:\Users\xeeadmin\xee\apps\xee_public_goods\node_modules\combine-section-reducers\package.json
11 verbose installManyTop reading scoped package data from C:\Users\xeeadmin\xee\apps\xee_public_goods\node_modules\highcharts\package.json
12 verbose installManyTop reading scoped package data from C:\Users\xeeadmin\xee\apps\xee_public_goods\node_modules\highcharts-more\package.json
13 verbose installManyTop reading scoped package data from C:\Users\xeeadmin\xee\apps\xee_public_goods\node_modules\material-ui\package.json
14 verbose installManyTop reading scoped package data from C:\Users\xeeadmin\xee\apps\xee_public_goods\node_modules\react\package.json
15 verbose installManyTop reading scoped package data from C:\Users\xeeadmin\xee\apps\xee_public_goods\node_modules\react-dom\package.json
16 verbose installManyTop reading scoped package data from C:\Users\xeeadmin\xee\apps\xee_public_goods\node_modules\react-highcharts\package.json
17 verbose installManyTop reading scoped package data from C:\Users\xeeadmin\xee\apps\xee_public_goods\node_modules\react-redux\package.json
18 verbose installManyTop reading scoped package data from C:\Users\xeeadmin\xee\apps\xee_public_goods\node_modules\react-tap-event-plugin\package.json
19 verbose installManyTop reading scoped package data from C:\Users\xeeadmin\xee\apps\xee_public_goods\node_modules\react-throttle-render\package.json
20 verbose installManyTop reading scoped package data from C:\Users\xeeadmin\xee\apps\xee_public_goods\node_modules\redux\package.json
21 verbose installManyTop reading scoped package data from C:\Users\xeeadmin\xee\apps\xee_public_goods\node_modules\redux-actions\package.json
22 verbose installManyTop reading scoped package data from C:\Users\xeeadmin\xee\apps\xee_public_goods\node_modules\redux-concatenate-reducers\package.json
23 verbose installManyTop reading scoped package data from C:\Users\xeeadmin\xee\apps\xee_public_goods\node_modules\redux-logger\package.json
24 verbose installManyTop reading scoped package data from C:\Users\xeeadmin\xee\apps\xee_public_goods\node_modules\redux-saga\package.json
25 verbose installManyTop reading scoped package data from C:\Users\xeeadmin\xee\apps\xee_public_goods\node_modules\webpack\package.json
26 info package.json highcharts-more@0.1.2 No repository field.
27 info package.json highcharts-more@0.1.2 license should be a valid SPDX license expression
28 info package.json react-tap-event-plugin@2.0.1 No license field.
29 info package.json highcharts@4.2.7 license should be a valid SPDX license expression
30 verbose readDependencies loading dependencies from C:\Users\xeeadmin\xee\apps\xee_public_goods\package.json
31 silly cache add args [ 'react-tooltip', null ]
32 verbose cache add spec react-tooltip
33 silly cache add parsed spec Result {
33 silly cache add   raw: 'react-tooltip',
33 silly cache add   scope: null,
33 silly cache add   name: 'react-tooltip',
33 silly cache add   rawSpec: '',
33 silly cache add   spec: 'latest',
33 silly cache add   type: 'tag' }
34 silly addNamed react-tooltip@latest
35 verbose addNamed "latest" is being treated as a dist-tag for react-tooltip
36 info addNameTag [ 'react-tooltip', 'latest' ]
37 silly mapToRegistry name react-tooltip
38 silly mapToRegistry using default registry
39 silly mapToRegistry registry https://registry.npmjs.org/
40 silly mapToRegistry data Result {
40 silly mapToRegistry   raw: 'react-tooltip',
40 silly mapToRegistry   scope: null,
40 silly mapToRegistry   name: 'react-tooltip',
40 silly mapToRegistry   rawSpec: '',
40 silly mapToRegistry   spec: 'latest',
40 silly mapToRegistry   type: 'tag' }
41 silly mapToRegistry uri https://registry.npmjs.org/react-tooltip
42 verbose addNameTag registry:https://registry.npmjs.org/react-tooltip not in flight; fetching
43 verbose request uri https://registry.npmjs.org/react-tooltip
44 verbose request no auth needed
45 info attempt registry request try #1 at 10:11:17
46 verbose request id b4737f6dd4b459a5
47 verbose etag W/"585a8f2d-342e9"
48 verbose lastModified Wed, 21 Dec 2016 14:18:21 GMT
49 http request GET https://registry.npmjs.org/react-tooltip
50 http 304 https://registry.npmjs.org/react-tooltip
51 verbose headers { date: 'Sat, 24 Dec 2016 01:10:55 GMT',
51 verbose headers   via: '1.1 varnish',
51 verbose headers   'cache-control': 'max-age=300',
51 verbose headers   etag: 'W/"585a8f2d-342e9"',
51 verbose headers   age: '0',
51 verbose headers   connection: 'keep-alive',
51 verbose headers   'x-served-by': 'cache-itm7423-ITM',
51 verbose headers   'x-cache': 'MISS',
51 verbose headers   'x-cache-hits': '0',
51 verbose headers   'x-timer': 'S1482541855.802210,VS0,VE134',
51 verbose headers   vary: 'Accept-Encoding' }
52 silly get cb [ 304,
52 silly get   { date: 'Sat, 24 Dec 2016 01:10:55 GMT',
52 silly get     via: '1.1 varnish',
52 silly get     'cache-control': 'max-age=300',
52 silly get     etag: 'W/"585a8f2d-342e9"',
52 silly get     age: '0',
52 silly get     connection: 'keep-alive',
52 silly get     'x-served-by': 'cache-itm7423-ITM',
52 silly get     'x-cache': 'MISS',
52 silly get     'x-cache-hits': '0',
52 silly get     'x-timer': 'S1482541855.802210,VS0,VE134',
52 silly get     vary: 'Accept-Encoding' } ]
53 verbose etag https://registry.npmjs.org/react-tooltip from cache
54 verbose get saving react-tooltip to C:\Users\xeeadmin\AppData\Roaming\npm-cache\registry.npmjs.org\react-tooltip\.cache.json
55 verbose correctMkdir C:\Users\xeeadmin\AppData\Roaming\npm-cache correctMkdir not in flight; initializing
56 silly addNameTag next cb for react-tooltip with tag latest
57 silly addNamed react-tooltip@3.2.2
58 verbose addNamed "3.2.2" is a plain semver version for react-tooltip
59 silly cache afterAdd react-tooltip@3.2.2
60 verbose afterAdd C:\Users\xeeadmin\AppData\Roaming\npm-cache\react-tooltip\3.2.2\package\package.json not in flight; writing
61 verbose correctMkdir C:\Users\xeeadmin\AppData\Roaming\npm-cache correctMkdir not in flight; initializing
62 verbose afterAdd C:\Users\xeeadmin\AppData\Roaming\npm-cache\react-tooltip\3.2.2\package\package.json written
63 silly install resolved [ { name: 'react-tooltip',
63 silly install resolved     version: '3.2.2',
63 silly install resolved     description: 'react tooltip component',
63 silly install resolved     main: 'dist/index.js',
63 silly install resolved     scripts: { test: 'make test', start: 'make dev', deploy: 'make deploy' },
63 silly install resolved     standard: { parser: 'babel-eslint', ignore: [Object] },
63 silly install resolved     repository:
63 silly install resolved      { type: 'git',
63 silly install resolved        url: 'git+https://github.com/wwayne/react-tooltip.git' },
63 silly install resolved     keywords: [ 'react', 'react-component', 'tooltip', 'react-tooltip' ],
63 silly install resolved     author: { name: 'wwayne' },
63 silly install resolved     license: 'MIT',
63 silly install resolved     bugs: { url: 'https://github.com/wwayne/react-tooltip/issues' },
63 silly install resolved     homepage: 'https://github.com/wwayne/react-tooltip',
63 silly install resolved     'browserify-shim': { react: 'global:React', 'react-dom': 'global:ReactDOM' },
63 silly install resolved     peerDependencies:
63 silly install resolved      { react: '^0.14.0 || ^15.0.0',
63 silly install resolved        'react-dom': '^0.14.0 || ^15.0.0' },
63 silly install resolved     dependencies: { classnames: '^2.2.0' },
63 silly install resolved     devDependencies:
63 silly install resolved      { 'babel-cli': '^6.5.1',
63 silly install resolved        'babel-core': '^6.9.1',
63 silly install resolved        'babel-eslint': '^4.1.1',
63 silly install resolved        'babel-plugin-transform-decorators-legacy': '^1.3.4',
63 silly install resolved        'babel-plugin-transform-runtime': '^6.5.0',
63 silly install resolved        'babel-preset-es2015': '^6.5.0',
63 silly install resolved        'babel-preset-react': '^6.5.0',
63 silly install resolved        'babel-preset-stage-0': '^6.5.0',
63 silly install resolved        babelify: '^7.2.0',
63 silly install resolved        browserify: '^13.0.0',
63 silly install resolved        'browserify-shim': '^3.8.12',
63 silly install resolved        chai: '^3.5.0',
63 silly install resolved        'chai-enzyme': '^0.5.0',
63 silly install resolved        concurrently: '^2.1.0',
63 silly install resolved        enzyme: '^2.3.0',
63 silly install resolved        'http-server': '^0.8.0',
63 silly install resolved        jsdom: '^9.2.1',
63 silly install resolved        mocha: '^2.5.3',
63 silly install resolved        'node-sass': '^3.7.0',
63 silly install resolved        'react-addons-test-utils': '^15.1.0',
63 silly install resolved        sinon: '^1.17.4',
63 silly install resolved        snazzy: '^2.0.1',
63 silly install resolved        standard: '^5.2.2',
63 silly install resolved        uglifyjs: '^2.4.10',
63 silly install resolved        watchify: '^3.2.1' },
63 silly install resolved     gitHead: '1ebb058b32554ead681a26bd9e1e6d88378ce53a',
63 silly install resolved     _id: 'react-tooltip@3.2.2',
63 silly install resolved     _shasum: '3a599c0eabbd9eb9597aa2d72b217fd7ba358767',
63 silly install resolved     _from: 'react-tooltip@latest',
63 silly install resolved     _npmVersion: '3.10.3',
63 silly install resolved     _nodeVersion: '6.4.0',
63 silly install resolved     _npmUser: { name: 'wwayne', email: 'wayne.wang0821@gmail.com' },
63 silly install resolved     dist:
63 silly install resolved      { shasum: '3a599c0eabbd9eb9597aa2d72b217fd7ba358767',
63 silly install resolved        tarball: 'https://registry.npmjs.org/react-tooltip/-/react-tooltip-3.2.2.tgz' },
63 silly install resolved     maintainers: [ [Object] ],
63 silly install resolved     _npmOperationalInternal:
63 silly install resolved      { host: 'packages-12-west.internal.npmjs.com',
63 silly install resolved        tmp: 'tmp/react-tooltip-3.2.2.tgz_1479889463132_0.387417315505445' },
63 silly install resolved     directories: {},
63 silly install resolved     _resolved: 'https://registry.npmjs.org/react-tooltip/-/react-tooltip-3.2.2.tgz',
63 silly install resolved     readme: 'ERROR: No README data found!' } ]
64 info install react-tooltip@3.2.2 into C:\Users\xeeadmin\xee\apps\xee_public_goods
65 info installOne react-tooltip@3.2.2
66 verbose installOne of react-tooltip to C:\Users\xeeadmin\xee\apps\xee_public_goods not in flight; installing
67 verbose correctMkdir C:\Users\xeeadmin\AppData\Roaming\npm-cache\_locks correctMkdir not in flight; initializing
68 verbose lock using C:\Users\xeeadmin\AppData\Roaming\npm-cache\_locks\react-tooltip-609ecad10b9f72e4.lock for C:\Users\xeeadmin\xee\apps\xee_public_goods\node_modules\react-tooltip
69 silly install write writing react-tooltip 3.2.2 to C:\Users\xeeadmin\xee\apps\xee_public_goods\node_modules\react-tooltip
70 verbose unbuild node_modules\react-tooltip
71 silly gentlyRm C:\Users\xeeadmin\xee\apps\xee_public_goods\node_modules\react-tooltip is being purged from base C:\Users\xeeadmin\xee\apps\xee_public_goods
72 verbose gentlyRm don't care about contents; nuking C:\Users\xeeadmin\xee\apps\xee_public_goods\node_modules\react-tooltip
73 verbose tar unpack C:\Users\xeeadmin\AppData\Roaming\npm-cache\react-tooltip\3.2.2\package.tgz
74 verbose tar unpacking to C:\Users\xeeadmin\xee\apps\xee_public_goods\node_modules\react-tooltip
75 silly gentlyRm C:\Users\xeeadmin\xee\apps\xee_public_goods\node_modules\react-tooltip is being purged
76 verbose gentlyRm don't care about contents; nuking C:\Users\xeeadmin\xee\apps\xee_public_goods\node_modules\react-tooltip
77 silly gunzTarPerm modes [ '777', '666' ]
78 silly gunzTarPerm extractEntry package.json
79 silly gunzTarPerm modified mode [ 'package.json', 420, 438 ]
80 silly gunzTarPerm extractEntry .npmignore
81 silly gunzTarPerm modified mode [ '.npmignore', 420, 438 ]
82 silly gunzTarPerm extractEntry README.md
83 silly gunzTarPerm modified mode [ 'README.md', 420, 438 ]
84 silly gunzTarPerm extractEntry LICENSE
85 silly gunzTarPerm modified mode [ 'LICENSE', 420, 438 ]
86 silly gunzTarPerm extractEntry CHANGELOG.md
87 silly gunzTarPerm modified mode [ 'CHANGELOG.md', 420, 438 ]
88 silly gunzTarPerm extractEntry Makefile
89 silly gunzTarPerm modified mode [ 'Makefile', 420, 438 ]
90 silly gunzTarPerm extractEntry bower.json
91 silly gunzTarPerm modified mode [ 'bower.json', 420, 438 ]
92 silly gunzTarPerm extractEntry dist/constant.js
93 silly gunzTarPerm modified mode [ 'dist/constant.js', 420, 438 ]
94 silly gunzTarPerm extractEntry dist/index.js
95 silly gunzTarPerm modified mode [ 'dist/index.js', 420, 438 ]
96 silly gunzTarPerm extractEntry dist/style.js
97 silly gunzTarPerm modified mode [ 'dist/style.js', 420, 438 ]
98 silly gunzTarPerm extractEntry dist/decorators/customEvent.js
99 silly gunzTarPerm modified mode [ 'dist/decorators/customEvent.js', 420, 438 ]
100 silly gunzTarPerm extractEntry dist/decorators/isCapture.js
101 silly gunzTarPerm modified mode [ 'dist/decorators/isCapture.js', 420, 438 ]
102 silly gunzTarPerm extractEntry dist/decorators/staticMethods.js
103 silly gunzTarPerm modified mode [ 'dist/decorators/staticMethods.js', 420, 438 ]
104 silly gunzTarPerm extractEntry dist/decorators/windowListener.js
105 silly gunzTarPerm modified mode [ 'dist/decorators/windowListener.js', 420, 438 ]
106 silly gunzTarPerm extractEntry dist/utils/aria.js
107 silly gunzTarPerm modified mode [ 'dist/utils/aria.js', 420, 438 ]
108 silly gunzTarPerm extractEntry dist/utils/getPosition.js
109 silly gunzTarPerm modified mode [ 'dist/utils/getPosition.js', 420, 438 ]
110 silly gunzTarPerm extractEntry dist/utils/getTipContent.js
111 silly gunzTarPerm modified mode [ 'dist/utils/getTipContent.js', 420, 438 ]
112 silly gunzTarPerm extractEntry standalone/react-tooltip.js
113 silly gunzTarPerm modified mode [ 'standalone/react-tooltip.js', 420, 438 ]
114 silly gunzTarPerm extractEntry standalone/react-tooltip.min.js
115 silly gunzTarPerm modified mode [ 'standalone/react-tooltip.min.js', 420, 438 ]
116 verbose write writing to C:\Users\xeeadmin\xee\apps\xee_public_goods\node_modules\react-tooltip\package.json
117 info preinstall react-tooltip@3.2.2
118 verbose readDependencies loading dependencies from C:\Users\xeeadmin\xee\apps\xee_public_goods\node_modules\react-tooltip\package.json
119 silly prepareForInstallMany adding classnames@^2.2.0 from react-tooltip dependencies
120 verbose readDependencies loading dependencies from C:\Users\xeeadmin\xee\apps\xee_public_goods\node_modules\react-tooltip\package.json
121 silly cache add args [ 'classnames@^2.2.0', null ]
122 verbose cache add spec classnames@^2.2.0
123 silly cache add parsed spec Result {
123 silly cache add   raw: 'classnames@^2.2.0',
123 silly cache add   scope: null,
123 silly cache add   name: 'classnames',
123 silly cache add   rawSpec: '^2.2.0',
123 silly cache add   spec: '>=2.2.0 <3.0.0',
123 silly cache add   type: 'range' }
124 silly addNamed classnames@>=2.2.0 <3.0.0
125 verbose addNamed ">=2.2.0 <3.0.0" is a valid semver range for classnames
126 silly addNameRange { name: 'classnames', range: '>=2.2.0 <3.0.0', hasData: false }
127 silly mapToRegistry name classnames
128 silly mapToRegistry using default registry
129 silly mapToRegistry registry https://registry.npmjs.org/
130 silly mapToRegistry data Result {
130 silly mapToRegistry   raw: 'classnames',
130 silly mapToRegistry   scope: null,
130 silly mapToRegistry   name: 'classnames',
130 silly mapToRegistry   rawSpec: '',
130 silly mapToRegistry   spec: 'latest',
130 silly mapToRegistry   type: 'tag' }
131 silly mapToRegistry uri https://registry.npmjs.org/classnames
132 verbose addNameRange registry:https://registry.npmjs.org/classnames not in flight; fetching
133 verbose request uri https://registry.npmjs.org/classnames
134 verbose request no auth needed
135 info attempt registry request try #1 at 10:11:21
136 verbose etag W/"585a6138-807f"
137 verbose lastModified Wed, 21 Dec 2016 11:02:16 GMT
138 http request GET https://registry.npmjs.org/classnames
139 http 200 https://registry.npmjs.org/classnames
140 verbose headers { server: 'nginx/1.10.1',
140 verbose headers   'content-type': 'application/json',
140 verbose headers   'last-modified': 'Fri, 23 Dec 2016 12:38:21 GMT',
140 verbose headers   etag: 'W/"585d1abd-808d"',
140 verbose headers   'content-encoding': 'gzip',
140 verbose headers   'cache-control': 'max-age=300',
140 verbose headers   'content-length': '6222',
140 verbose headers   'accept-ranges': 'bytes',
140 verbose headers   date: 'Sat, 24 Dec 2016 01:10:57 GMT',
140 verbose headers   via: '1.1 varnish',
140 verbose headers   age: '285',
140 verbose headers   connection: 'keep-alive',
140 verbose headers   'x-served-by': 'cache-itm7423-ITM',
140 verbose headers   'x-cache': 'HIT',
140 verbose headers   'x-cache-hits': '1',
140 verbose headers   'x-timer': 'S1482541857.017203,VS0,VE0',
140 verbose headers   vary: 'Accept-Encoding' }
141 silly get cb [ 200,
141 silly get   { server: 'nginx/1.10.1',
141 silly get     'content-type': 'application/json',
141 silly get     'last-modified': 'Fri, 23 Dec 2016 12:38:21 GMT',
141 silly get     etag: 'W/"585d1abd-808d"',
141 silly get     'content-encoding': 'gzip',
141 silly get     'cache-control': 'max-age=300',
141 silly get     'content-length': '6222',
141 silly get     'accept-ranges': 'bytes',
141 silly get     date: 'Sat, 24 Dec 2016 01:10:57 GMT',
141 silly get     via: '1.1 varnish',
141 silly get     age: '285',
141 silly get     connection: 'keep-alive',
141 silly get     'x-served-by': 'cache-itm7423-ITM',
141 silly get     'x-cache': 'HIT',
141 silly get     'x-cache-hits': '1',
141 silly get     'x-timer': 'S1482541857.017203,VS0,VE0',
141 silly get     vary: 'Accept-Encoding' } ]
142 verbose get saving classnames to C:\Users\xeeadmin\AppData\Roaming\npm-cache\registry.npmjs.org\classnames\.cache.json
143 verbose correctMkdir C:\Users\xeeadmin\AppData\Roaming\npm-cache correctMkdir not in flight; initializing
144 silly addNameRange number 2 { name: 'classnames', range: '>=2.2.0 <3.0.0', hasData: true }
145 silly addNameRange versions [ 'classnames',
145 silly addNameRange   [ '1.0.0',
145 silly addNameRange     '1.1.0',
145 silly addNameRange     '1.1.1',
145 silly addNameRange     '1.1.2',
145 silly addNameRange     '1.1.3',
145 silly addNameRange     '1.1.4',
145 silly addNameRange     '1.2.0',
145 silly addNameRange     '1.2.1',
145 silly addNameRange     '1.2.2',
145 silly addNameRange     '2.0.0',
145 silly addNameRange     '2.1.0',
145 silly addNameRange     '2.1.1',
145 silly addNameRange     '2.1.2',
145 silly addNameRange     '2.1.3',
145 silly addNameRange     '2.1.4',
145 silly addNameRange     '2.1.5',
145 silly addNameRange     '2.2.0',
145 silly addNameRange     '2.2.1',
145 silly addNameRange     '2.2.2',
145 silly addNameRange     '2.2.3',
145 silly addNameRange     '2.2.4',
145 silly addNameRange     '2.2.5' ] ]
146 silly addNamed classnames@2.2.5
147 verbose addNamed "2.2.5" is a plain semver version for classnames
148 silly cache afterAdd classnames@2.2.5
149 verbose afterAdd C:\Users\xeeadmin\AppData\Roaming\npm-cache\classnames\2.2.5\package\package.json not in flight; writing
150 verbose correctMkdir C:\Users\xeeadmin\AppData\Roaming\npm-cache correctMkdir not in flight; initializing
151 verbose afterAdd C:\Users\xeeadmin\AppData\Roaming\npm-cache\classnames\2.2.5\package\package.json written
152 silly install resolved [ { name: 'classnames',
152 silly install resolved     version: '2.2.5',
152 silly install resolved     description: 'A simple utility for conditionally joining classNames together',
152 silly install resolved     main: 'index.js',
152 silly install resolved     author: { name: 'Jed Watson' },
152 silly install resolved     license: 'MIT',
152 silly install resolved     repository:
152 silly install resolved      { type: 'git',
152 silly install resolved        url: 'git+https://github.com/JedWatson/classnames.git' },
152 silly install resolved     scripts:
152 silly install resolved      { benchmarks: 'node ./benchmarks/run',
152 silly install resolved        unit: 'mocha tests/*.js',
152 silly install resolved        test: 'npm run unit' },
152 silly install resolved     keywords:
152 silly install resolved      [ 'react',
152 silly install resolved        'css',
152 silly install resolved        'classes',
152 silly install resolved        'classname',
152 silly install resolved        'classnames',
152 silly install resolved        'util',
152 silly install resolved        'utility' ],
152 silly install resolved     devDependencies: { benchmark: '^1.0.0', mocha: '^2.1.0' },
152 silly install resolved     gitHead: '1fc62c0490bfc7d67a1178bbb60897cfa0580c7b',
152 silly install resolved     bugs: { url: 'https://github.com/JedWatson/classnames/issues' },
152 silly install resolved     homepage: 'https://github.com/JedWatson/classnames#readme',
152 silly install resolved     _id: 'classnames@2.2.5',
152 silly install resolved     _shasum: 'fb3801d453467649ef3603c7d61a02bd129bde6d',
152 silly install resolved     _from: 'classnames@>=2.2.0 <3.0.0',
152 silly install resolved     _npmVersion: '3.3.6',
152 silly install resolved     _nodeVersion: '5.0.0',
152 silly install resolved     _npmUser: { name: 'jedwatson', email: 'jed.watson@me.com' },
152 silly install resolved     maintainers: [ [Object] ],
152 silly install resolved     dist:
152 silly install resolved      { shasum: 'fb3801d453467649ef3603c7d61a02bd129bde6d',
152 silly install resolved        tarball: 'https://registry.npmjs.org/classnames/-/classnames-2.2.5.tgz' },
152 silly install resolved     _npmOperationalInternal:
152 silly install resolved      { host: 'packages-12-west.internal.npmjs.com',
152 silly install resolved        tmp: 'tmp/classnames-2.2.5.tgz_1462195436082_0.17347457958385348' },
152 silly install resolved     directories: {},
152 silly install resolved     _resolved: 'https://registry.npmjs.org/classnames/-/classnames-2.2.5.tgz',
152 silly install resolved     readme: 'ERROR: No README data found!' } ]
153 info install classnames@2.2.5 into C:\Users\xeeadmin\xee\apps\xee_public_goods\node_modules\react-tooltip
154 info installOne classnames@2.2.5
155 verbose installOne of classnames to C:\Users\xeeadmin\xee\apps\xee_public_goods\node_modules\react-tooltip not in flight; installing
156 verbose correctMkdir C:\Users\xeeadmin\AppData\Roaming\npm-cache\_locks correctMkdir not in flight; initializing
157 verbose lock using C:\Users\xeeadmin\AppData\Roaming\npm-cache\_locks\classnames-40e3208b131e71a7.lock for C:\Users\xeeadmin\xee\apps\xee_public_goods\node_modules\react-tooltip\node_modules\classnames
158 silly install write writing classnames 2.2.5 to C:\Users\xeeadmin\xee\apps\xee_public_goods\node_modules\react-tooltip\node_modules\classnames
159 verbose unbuild node_modules\react-tooltip\node_modules\classnames
160 silly gentlyRm C:\Users\xeeadmin\xee\apps\xee_public_goods\node_modules\react-tooltip\node_modules\classnames is being purged from base C:\Users\xeeadmin\xee\apps\xee_public_goods
161 verbose gentlyRm don't care about contents; nuking C:\Users\xeeadmin\xee\apps\xee_public_goods\node_modules\react-tooltip\node_modules\classnames
162 verbose tar unpack C:\Users\xeeadmin\AppData\Roaming\npm-cache\classnames\2.2.5\package.tgz
163 verbose tar unpacking to C:\Users\xeeadmin\xee\apps\xee_public_goods\node_modules\react-tooltip\node_modules\classnames
164 silly gentlyRm C:\Users\xeeadmin\xee\apps\xee_public_goods\node_modules\react-tooltip\node_modules\classnames is being purged
165 verbose gentlyRm don't care about contents; nuking C:\Users\xeeadmin\xee\apps\xee_public_goods\node_modules\react-tooltip\node_modules\classnames
166 silly gunzTarPerm modes [ '777', '666' ]
167 silly gunzTarPerm extractEntry package.json
168 silly gunzTarPerm modified mode [ 'package.json', 420, 438 ]
169 silly gunzTarPerm extractEntry README.md
170 silly gunzTarPerm modified mode [ 'README.md', 420, 438 ]
171 silly gunzTarPerm extractEntry LICENSE
172 silly gunzTarPerm modified mode [ 'LICENSE', 420, 438 ]
173 silly gunzTarPerm extractEntry bind.js
174 silly gunzTarPerm modified mode [ 'bind.js', 420, 438 ]
175 silly gunzTarPerm extractEntry dedupe.js
176 silly gunzTarPerm modified mode [ 'dedupe.js', 420, 438 ]
177 silly gunzTarPerm extractEntry index.js
178 silly gunzTarPerm modified mode [ 'index.js', 420, 438 ]
179 silly gunzTarPerm extractEntry CONTRIBUTING.md
180 silly gunzTarPerm modified mode [ 'CONTRIBUTING.md', 420, 438 ]
181 silly gunzTarPerm extractEntry bower.json
182 silly gunzTarPerm modified mode [ 'bower.json', 420, 438 ]
183 silly gunzTarPerm extractEntry HISTORY.md
184 silly gunzTarPerm modified mode [ 'HISTORY.md', 420, 438 ]
185 verbose write writing to C:\Users\xeeadmin\xee\apps\xee_public_goods\node_modules\react-tooltip\node_modules\classnames\package.json
186 info preinstall classnames@2.2.5
187 verbose readDependencies loading dependencies from C:\Users\xeeadmin\xee\apps\xee_public_goods\node_modules\react-tooltip\node_modules\classnames\package.json
188 verbose readDependencies loading dependencies from C:\Users\xeeadmin\xee\apps\xee_public_goods\node_modules\react-tooltip\node_modules\classnames\package.json
189 silly install resolved []
190 verbose about to build C:\Users\xeeadmin\xee\apps\xee_public_goods\node_modules\react-tooltip\node_modules\classnames
191 info build C:\Users\xeeadmin\xee\apps\xee_public_goods\node_modules\react-tooltip\node_modules\classnames
192 info linkStuff classnames@2.2.5
193 silly linkStuff classnames@2.2.5 has C:\Users\xeeadmin\xee\apps\xee_public_goods\node_modules\react-tooltip\node_modules as its parent node_modules
194 verbose linkBins classnames@2.2.5
195 verbose linkMans classnames@2.2.5
196 verbose rebuildBundles classnames@2.2.5
197 info install classnames@2.2.5
198 info postinstall classnames@2.2.5
199 verbose unlock done using C:\Users\xeeadmin\AppData\Roaming\npm-cache\_locks\classnames-40e3208b131e71a7.lock for C:\Users\xeeadmin\xee\apps\xee_public_goods\node_modules\react-tooltip\node_modules\classnames
200 verbose about to build C:\Users\xeeadmin\xee\apps\xee_public_goods\node_modules\react-tooltip
201 info build C:\Users\xeeadmin\xee\apps\xee_public_goods\node_modules\react-tooltip
202 info linkStuff react-tooltip@3.2.2
203 silly linkStuff react-tooltip@3.2.2 has C:\Users\xeeadmin\xee\apps\xee_public_goods\node_modules as its parent node_modules
204 verbose linkBins react-tooltip@3.2.2
205 verbose linkMans react-tooltip@3.2.2
206 verbose rebuildBundles react-tooltip@3.2.2
207 verbose rebuildBundles [ 'classnames' ]
208 info install react-tooltip@3.2.2
209 info postinstall react-tooltip@3.2.2
210 verbose unlock done using C:\Users\xeeadmin\AppData\Roaming\npm-cache\_locks\react-tooltip-609ecad10b9f72e4.lock for C:\Users\xeeadmin\xee\apps\xee_public_goods\node_modules\react-tooltip
211 verbose validateInstall loading C:\Users\xeeadmin\xee\apps\xee_public_goods\package.json for validation
212 verbose stack Error: The package react@15.3.2 does not satisfy its siblings' peerDependencies requirements!
212 verbose stack     at C:\Program Files\nodejs\node_modules\npm\lib\install.js:125:32
212 verbose stack     at C:\Program Files\nodejs\node_modules\npm\lib\install.js:268:7
212 verbose stack     at C:\Program Files\nodejs\node_modules\npm\node_modules\read-installed\read-installed.js:142:5
212 verbose stack     at C:\Program Files\nodejs\node_modules\npm\node_modules\read-installed\read-installed.js:263:14
212 verbose stack     at cb (C:\Program Files\nodejs\node_modules\npm\node_modules\slide\lib\async-map.js:47:24)
212 verbose stack     at C:\Program Files\nodejs\node_modules\npm\node_modules\read-installed\read-installed.js:263:14
212 verbose stack     at cb (C:\Program Files\nodejs\node_modules\npm\node_modules\slide\lib\async-map.js:47:24)
212 verbose stack     at C:\Program Files\nodejs\node_modules\npm\node_modules\read-installed\read-installed.js:263:14
212 verbose stack     at cb (C:\Program Files\nodejs\node_modules\npm\node_modules\slide\lib\async-map.js:47:24)
212 verbose stack     at C:\Program Files\nodejs\node_modules\npm\node_modules\read-installed\read-installed.js:263:14
213 verbose cwd C:\Users\xeeadmin\xee\apps\xee_public_goods
214 error Windows_NT 10.0.14393
215 error argv "C:\\Program Files\\nodejs\\node.exe" "C:\\Program Files\\nodejs\\node_modules\\npm\\bin\\npm-cli.js" "install" "-S" "react-tooltip"
216 error node v4.5.0
217 error npm  v2.15.9
218 error code EPEERINVALID
219 error peerinvalid The package react@15.3.2 does not satisfy its siblings' peerDependencies requirements!
219 error peerinvalid Peer material-ui@0.15.4 wants react@^15.0.0
219 error peerinvalid Peer react-dom@15.4.1 wants react@^15.4.1
219 error peerinvalid Peer react-highcharts@10.0.0 wants react@~0.14 || ^15.0.0
219 error peerinvalid Peer react-redux@4.4.6 wants react@^0.14.0 || ^15.0.0-0 || ^15.4.0-0
219 error peerinvalid Peer react-tap-event-plugin@2.0.1 wants react@^15.4.0-0
219 error peerinvalid Peer react-throttle-render@1.2.1 wants react@^0.14.0 || ^15.0
219 error peerinvalid Peer react-tooltip@3.2.2 wants react@^0.14.0 || ^15.0.0
220 verbose exit [ 1, true ]
